TOOL:	xrun	19.09-s003: Started on Nov 10, 2021 at 18:33:29 CET
xrun
	-compile
	-l xrun_compile.log
	-F tb.f
		-F ./dut.f
			./mtm_Alu.vp
		alu_tb.sv
	-v93
	+nowarnDSEM2009
	+nowarnDSEMEL
	+nowarnCGDEFN
	-xmlibdirname INCA_libs
	+overwrite
	-nocopyright
	-coverage all
	-covoverwrite
	-covfile xrun_covfile.txt
file: ././mtm_Alu.vp
	module worklib.mtm_Alu:vp
		errors: 0, warnings: 0
		errors: 0, warnings: 0
		errors: 0, warnings: 0
		errors: 0, warnings: 0
file: ./alu_tb.sv
			bins D1_error more = {9};
			                 |
xmvlog: *E,ECBEEQ (./alu_tb.sv,256|20): Equalto ('=') symbol after bin identifier is not specified.
	module worklib.top:sv
		errors: 1, warnings: 0
xrun: *E,VLGERR: An error occurred during parsing.  Review the log file for errors with the code *E and fix those identified problems to proceed.  Exiting with code (status 1).
TOOL:	xrun	19.09-s003: Exiting on Nov 10, 2021 at 18:33:30 CET  (total: 00:00:01)
