Operating system: Linux
                  0.0.0 Linux 2.6.32-754.33.1.el6.x86_64 #1 SMP Tue Aug 25 15:29:40 UTC 2020 x86_64
CPU: x86
     GenuineIntel family 6 model 60 stepping 3
     1 CPU

GPU: UNKNOWN

Crash reason:  DUMP_REQUESTED
Crash address: 0xf73ed8ab
Process uptime: not available

Thread 0 (crashed)
 0  libcbreakpad.so + 0x298ab
    eip = 0xf73ed8ab   esp = 0xffd6aec0   ebp = 0xffd6af48   ebx = 0xf741e000
    esi = 0xf741e000   edi = 0xffd6aff8   eax = 0x00000000   ecx = 0x00000001
    edx = 0x00000000   efl = 0x0cfd675c
    Found by: given as instruction pointer in context
 1  libcbreakpad.so + 0x27b74
    eip = 0xf73ebb74   esp = 0xffd6af50   ebp = 0xffd6b098
    Found by: previous frame's frame pointer
 2  xmelab!vserror + 0xad
    eip = 0x09b3330d   esp = 0xffd6b0a0   ebp = 0x00000000
    Found by: previous frame's frame pointer
 3  xmelab!serror + 0x1a
    eip = 0x09b3468a   esp = 0xffd6b2a0   ebp = 0x00000000   ebx = 0x00000000
    esi = 0xf69ca040   edi = 0xffd6b2e8
    Found by: call frame info
 4  xmelab!cu_check_single_use + 0x5dc
    eip = 0x088296dc   esp = 0xffd6b2c0   ebp = 0x00000000   ebx = 0xffd6b434
    esi = 0xf69ca040   edi = 0xffd6b2e8
    Found by: call frame info
 5  xmelab!cu_check_single_use + 0x140
    eip = 0x08829240   esp = 0xffd6b310   ebp = 0x00000000   ebx = 0xffd6b434
    esi = 0xf69ca040   edi = 0xffd6b328
    Found by: call frame info
 6  xmelab!cu_check_single_use + 0x2a4
    eip = 0x088293a4   esp = 0xffd6b350   ebp = 0x0d09cb08   ebx = 0xffd6b434
    esi = 0xf69ca040   edi = 0xffd6b368
    Found by: call frame info
 7  xmelab!cu_check_single_use + 0x140
    eip = 0x08829240   esp = 0xffd6b390   ebp = 0x00000000   ebx = 0xffd6b434
    esi = 0xf69ca040   edi = 0xffd6b3a8
    Found by: call frame info
 8  xmelab!cu_xsimple_function + 0x909
    eip = 0x0886f099   esp = 0xffd6b3d0   ebp = 0x0d09cbe8   ebx = 0xf6844950
    esi = 0xffd6b418   edi = 0x00000001
    Found by: call frame info
 9  xmelab!cu_check_simple_function + 0x14
    eip = 0x0886f644   esp = 0xffd6b460   ebp = 0x0d09e2d8   ebx = 0x0d09e2d8
    esi = 0xf69ca040   edi = 0xf69ca040
    Found by: call frame info
10  xmelab!cu_xoptimize_function + 0x9a
    eip = 0x087b57ca   esp = 0xffd6b480   ebp = 0x0d09e2d8   ebx = 0x0d09e2d8
    esi = 0xf69ca040   edi = 0xf69ca040
    Found by: call frame info
11  xmelab!cu_xoptimize + 0xd49
    eip = 0x087b69d9   esp = 0xffd6b4b0   ebp = 0x0d09e2d8   ebx = 0xf69cac08
    esi = 0x00000000   edi = 0xf69ca040
    Found by: call frame info
12  xmelab!cu_tlui_process_hierarchy.constprop.196 + 0x5ca
    eip = 0x087d3f6a   esp = 0xffd6b510   ebp = 0x00000000   ebx = 0x0d00ff50
    esi = 0x00000001   edi = 0x00000000
    Found by: call frame info
13  xmelab!cu_tlui_common.constprop.161 + 0x44c
    eip = 0x0881702c   esp = 0xffd6b9e0   ebp = 0xffd6fb18   ebx = 0x00000000
    esi = 0x0d00ff50   edi = 0x00000000
    Found by: call frame info
14  xmelab!cu_elaborate + 0x3d
    eip = 0x088172ed   esp = 0xffd6ba10   ebp = 0xffd6fb18   ebx = 0x0d00a928
    esi = 0x00000000   edi = 0x00000000
    Found by: call frame info
15  xmelab!process + 0x3015
    eip = 0x0845b295   esp = 0xffd6ba70   ebp = 0xffd6fb18   ebx = 0x0d04d648
    esi = 0x0cfe8c68   edi = 0x00000000
    Found by: call frame info
16  xmelab!xncmain + 0x16955
    eip = 0x08475cd5   esp = 0xffd6fb20   ebp = 0xffd74ef8   ebx = 0x00000000
    esi = 0xffd763c2   edi = 0x00000000
    Found by: call frame info
17  xmelab!main + 0x24
    eip = 0x08351124   esp = 0xffd74f00   ebp = 0xffd74f18   ebx = 0xf75bbff4
    esi = 0x00000000   edi = 0x00000000
    Found by: call frame info
18  libc-2.12.so + 0x16d28
    eip = 0xf743fd28   esp = 0xffd74f20   ebp = 0xffd74fa8
    Found by: previous frame's frame pointer
19  xmelab!_start + 0x21
    eip = 0x08351155   esp = 0xffd74fb0   ebp = 0x00000000
    Found by: previous frame's frame pointer
20  xmelab!_GLOBAL__sub_I_vpa_fix_portal_id + 0x30
    eip = 0x08351100   esp = 0xffd74fb4   ebp = 0x00000000
    Found by: stack scanning
21  xmelab!__libc_csu_fini + 0x10
    eip = 0x0a07bc20   esp = 0xffd74fc0   ebp = 0xffd74fd4
    Found by: stack scanning
22  0xffd76344
    eip = 0xffd76344   esp = 0xffd74fdc   ebp = 0xffd7633d
    Found by: previous frame's frame pointer
23  0x2d006261
    eip = 0x2d006261   esp = 0xffd76345   ebp = 0x6c656d78
    Found by: previous frame's frame pointer
24  xmelab!get_trans_string + 0xdff
    eip = 0x093a4c4f   esp = 0xffd763a9   ebp = 0x6c656d78
    Found by: stack scanning

Loaded modules:
0x08048000 - 0x0b0a3fff  xmelab  ???  (main)
0xf73c4000 - 0xf741ffff  libcbreakpad.so  ???  (WARNING: No symbols, libcbreakpad.so, E534BA7ACB58B2D1AC43D31B76D3ED460)
0xf7429000 - 0xf75bcfff  libc-2.12.so  ???  (WARNING: No symbols, libc-2.12.so, 14A299164FF3FB44CC4C2710C0B49C3B0)
0xf75c0000 - 0xf75dbfff  libgcc_s.so.1  ???
0xf75dc000 - 0xf7605fff  libm-2.12.so  ???
0xf7607000 - 0xf777dfff  libstdc++.so.6.0.22  ???
0xf7781000 - 0xf7785fff  libdl-2.12.so  ???
0xf7786000 - 0xf779efff  libpthread-2.12.so  ???
0xf77b7000 - 0xf77b7fff  linux-gate.so  ???
0xf77b8000 - 0xf77d8fff  ld-2.12.so  ???

******BACKTRACE*****
vserror [0x9b3330d]
serror [0x9b3468a]
cu_check_single_use [0x88296dc]
cu_check_single_use [0x8829240]
cu_check_single_use [0x88293a4]
cu_check_single_use [0x8829240]
cu_xsimple_function [0x886f099]
cu_check_simple_function [0x886f644]
cu_xoptimize_function [0x87b57ca]
cu_xoptimize [0x87b69d9]
cu_tlui_process_hierarchy.constprop.196 [0x87d3f6a]
cu_tlui_common.constprop.161 [0x881702c]
cu_elaborate [0x88172ed]
process [0x845b295]
xncmain [0x8475cd5]
main [0x8351124]
_start [0x8351155]
******BACKTRACE END*****