TOOL:	xrun	19.09-s003: Started on Oct 28, 2021 at 16:54:28 CEST
xrun
	-F tb.f
		-F ./dut.f
			./mtm_Alu.vp
		alu_tb.sv
	-v93
	+nowarnDSEM2009
	+nowarnDSEMEL
	+nowarnCGDEFN
	-xmlibdirname INCA_libs_gui
	+access+r
	+gui
	+overwrite
	-nocopyright
	-l xrun_gui.log
	-s
Recompiling... reason: file './alu_tb.sv' is newer than expected.
	expected: Thu Oct 28 16:53:35 2021
	actual:   Thu Oct 28 16:54:17 2021
file: ./alu_tb.sv
	module worklib.top:sv
		errors: 0, warnings: 0
		Caching library 'worklib' ....... Done
	Elaborating the design hierarchy:
	Top level design units:
		top
	Building instance overlay tables: .................... Done
	Generating native compiled code:
		worklib.top:sv <0x26c4bdba>
			streams:  15, words: 45693
	Building instance specific data structures.
	Loading native compiled code:     .................... Done
	Design hierarchy summary:
		                 Instances  Unique
		Modules:                 5       5
		Registers:             124     124
		Scalar wires:            8       -
		Vectored wires:          2       -
		Always blocks:          12      12
		Initial blocks:          3       3
		Final blocks:            1       1
		Pseudo assignments:      2       2
		Assertions:              6       6
		Simulation timescale:  1ps
	Writing initial simulation snapshot: worklib.top:sv
xmsim: *W,XCLGNOPTM: The SystemVerilog constraint solver Xceligen options 'seed_only_rand and process_alternate_rng and ignore_worklib_name' are not specified and will default to 0. The recommended value for each of them is 1 which will become the default in a future release.
SVSEED default: 1
xmsim: *W,RNDXCELON: Xceligen, the new SystemVerilog constraint solver is used. Disabling Xceligen and using the legacy constraint solver is possible with "xrun/xmsim -xceligen on=0 ...".
xcelium> 
xcelium> source /cad/XCELIUM1909/tools/xcelium/files/xmsimrc
xcelium> 
-------------------------------------
Relinquished control to SimVision...
# Restoring simulation environment...
xcelium> input -quiet .reinvoke.sim
xcelium> file delete .reinvoke.sim
xcelium> run
Passed
Test PASSED.
Simulation complete via $finish(1) at time 163640 NS + 0
./alu_tb.sv:255 		$finish;
xcelium> ^C
xcelium> exit
TOOL:	xrun	19.09-s003: Exiting on Oct 28, 2021 at 16:57:39 CEST  (total: 00:03:11)
