/cad/XCELIUM1909/tools.lnx86/inca/bin/xmelab
Obtained 20 stack frames.
/cad/XCELIUM1909/tools.lnx86/inca/bin/../../lib/libcbreakpad.so(_Z13use_backtracev+0xa1) [0xf73867bd]
/cad/XCELIUM1909/tools.lnx86/inca/bin/../../lib/libcbreakpad.so(cbpad_generate_dump_on_demand+0x84) [0xf7386b34]
xmelab(vserror+0xad) [0x9b3330d]
xmelab(serror+0x1a) [0x9b3468a]
xmelab() [0x88296dc]
xmelab() [0x8829240]
xmelab() [0x88293a4]
xmelab() [0x8829240]
xmelab(cu_xsimple_function+0x909) [0x886f099]
xmelab(cu_check_simple_function+0x14) [0x886f644]
xmelab() [0x87b57ca]
xmelab(cu_xoptimize+0xd49) [0x87b69d9]
xmelab() [0x87d3f6a]
xmelab() [0x881702c]
xmelab(cu_elaborate+0x3d) [0x88172ed]
xmelab() [0x845b295]
xmelab() [0x8475cd5]
xmelab(main+0x24) [0x8351124]
/lib/libc.so.6(__libc_start_main+0xe8) [0xf73dad28]
xmelab() [0x8351155]
